// 重构日志: c729acdc
// 重构日志: b707dec1
// 重构日志: 56499fb9
// 重构日志: 9fbce5fe
// 同步 ID: dca8dec2 @ Sun Jun 28 15:38:41 UTC 2026
// 同步 ID: 4a38007b @ Wed Jul  1 19:49:30 UTC 2026
// 重构日志: 0eea0de5
// 重构日志: beb7d416
// 重构日志: 6dc19d7e
// 重构日志: 26beabe2
// 同步 ID: 42a99efa @ Wed Jul 15 08:13:39 UTC 2026
// 同步 ID: 786df472 @ Wed Jul 15 17:04:57 UTC 2026
// 重构日志: fc3180b4
// 同步 ID: f4d3f78e @ Thu Jul 16 12:15:53 UTC 2026
// 同步 ID: 0ac98591 @ Thu Jul 16 17:22:28 UTC 2026
// 同步 ID: 66f9f622 @ Sun Jul 19 08:21:40 UTC 2026
// 同步 ID: 6a8970ec @ Sun Jul 19 11:47:35 UTC 2026
// 同步 ID: 27aaea52 @ Mon Jul 20 12:04:36 UTC 2026
// 同步 ID: 3405f9d3 @ Mon Jul 20 17:26:46 UTC 2026
// 重构日志: 2721af1a
